{"name":"Merchant Edit Flow","status":"failed","statusDetails":{"known":false,"muted":false,"flaky":false,"message":"Edit merchant failed","trace":"java.lang.AssertionError: Edit merchant failed\r\n\tat org.testng.Assert.fail(Assert.java:97)\r\n\tat Scripts.AdminFlow.editMerchant(AdminFlow.java:570)\r\n\tat java.base/jdk.internal.reflect.NativeMethodAccessorImpl.invoke0(Native Method)\r\n\tat java.base/jdk.internal.reflect.NativeMethodAccessorImpl.invoke(NativeMethodAccessorImpl.java:64)\r\n\tat java.base/jdk.internal.reflect.DelegatingMethodAccessorImpl.invoke(DelegatingMethodAccessorImpl.java:43)\r\n\tat java.base/java.lang.reflect.Method.invoke(Method.java:564)\r\n\tat org.testng.internal.MethodInvocationHelper.invokeMethod(MethodInvocationHelper.java:134)\r\n\tat org.testng.internal.TestInvoker.invokeMethod(TestInvoker.java:597)\r\n\tat org.testng.internal.TestInvoker.invokeTestMethod(TestInvoker.java:173)\r\n\tat org.testng.internal.MethodRunner.runInSequence(MethodRunner.java:46)\r\n\tat org.testng.internal.TestInvoker$MethodInvocationAgent.invoke(TestInvoker.java:816)\r\n\tat org.testng.internal.TestInvoker.invokeTestMethods(TestInvoker.java:146)\r\n\tat org.testng.internal.TestMethodWorker.invokeTestMethods(TestMethodWorker.java:146)\r\n\tat org.testng.internal.TestMethodWorker.run(TestMethodWorker.java:128)\r\n\tat java.base/java.util.ArrayList.forEach(ArrayList.java:1511)\r\n\tat org.testng.TestRunner.privateRun(TestRunner.java:766)\r\n\tat org.testng.TestRunner.run(TestRunner.java:587)\r\n\tat org.testng.SuiteRunner.runTest(SuiteRunner.java:384)\r\n\tat org.testng.SuiteRunner.runSequentially(SuiteRunner.java:378)\r\n\tat org.testng.SuiteRunner.privateRun(SuiteRunner.java:337)\r\n\tat org.testng.SuiteRunner.run(SuiteRunner.java:286)\r\n\tat org.testng.SuiteRunnerWorker.runSuite(SuiteRunnerWorker.java:53)\r\n\tat org.testng.SuiteRunnerWorker.run(SuiteRunnerWorker.java:96)\r\n\tat org.testng.TestNG.runSuitesSequentially(TestNG.java:1187)\r\n\tat org.testng.TestNG.runSuitesLocally(TestNG.java:1109)\r\n\tat org.testng.TestNG.runSuites(TestNG.java:1039)\r\n\tat org.testng.TestNG.run(TestNG.java:1007)\r\n\tat com.intellij.rt.testng.IDEARemoteTestNG.run(IDEARemoteTestNG.java:66)\r\n\tat com.intellij.rt.testng.RemoteTestNGStarter.main(RemoteTestNGStarter.java:109)\r\n"},"stage":"finished","description":"Merchant Edit Flow","steps":[{"name":"Opening Manage Merchant","status":"passed","stage":"finished","steps":[],"attachments":[{"name":"Clicked Merchant Management","source":"146b6055-6ee7-47d9-91fc-73c070b31069-attachment","type":"text/plain"},{"name":"Clicked Manage Merchant","source":"36d7e5ab-0715-4fc7-9e15-b219d8fb6eec-attachment","type":"text/plain"}],"parameters":[],"start":1616569387565,"stop":1616569388752},{"name":"Editing: Agg Hosted - Cyber - Tabby - Non3Ds - 24122854","status":"passed","stage":"finished","steps":[],"attachments":[{"name":"EPP Turned ON","source":"84956470-5e2d-4b5a-a6c0-e4e9e6c5b648-attachment","type":"text/plain"},{"name":"Refund API Turned ON","source":"31fc5752-a6e4-4161-9485-16a685cd03db-attachment","type":"text/plain"},{"name":"Refund Portal Turned ON","source":"5039e343-11f8-4de7-a481-a4c323d826cf-attachment","type":"text/plain"},{"name":"Next button Clicked","source":"79fd4d2c-75c2-4ab6-8a19-418bd7d664a5-attachment","type":"text/plain"},{"name":"SnackBar Message: Merchant Business Details updated successfully.","source":"49941fa0-a217-48e8-bd2f-a9700d897678-attachment","type":"text/plain"},{"name":"Page Screenshot","source":"3d26cfa2-7302-4366-91a2-ca974eea1fb9-attachment","type":"image/png"},{"name":"Back To Merchant Management Clicked","source":"9b9837df-9914-466e-b41e-cb403572cfe7-attachment","type":"text/plain"}],"parameters":[{"name":"merchantData","value":"[Agg Hosted - Cyber - Tabby - Non3Ds - 24122854, Aggregator Hosted, no, yes, AGGcybNonThreeDs, TOZZBR, padmawati.taddy@bankfab.com, yes, no, yes]"}],"start":1616569388761,"stop":1616569415923},{"name":"Editing: Agg Hosted - MPGS - Tabby - Non3Ds - 24122957","status":"passed","stage":"finished","steps":[],"attachments":[{"name":"EPP Turned ON","source":"2ef32516-4fb4-41f8-8007-eaa494969d51-attachment","type":"text/plain"},{"name":"Refund API Turned ON","source":"221fe82f-ef18-41db-8d3d-3f084003c847-attachment","type":"text/plain"},{"name":"Refund Portal Turned ON","source":"85ee08c6-42c8-4d30-8659-32f90bc619af-attachment","type":"text/plain"},{"name":"Next button Clicked","source":"df2d24ea-7fd8-4677-8755-a94b5f89c09d-attachment","type":"text/plain"},{"name":"SnackBar Message: Merchant Business Details updated successfully.","source":"30333e7d-32bd-471c-beca-b1a97043c80e-attachment","type":"text/plain"},{"name":"Page Screenshot","source":"ef7aaca9-114c-4268-8bb6-1bb89ff0abd2-attachment","type":"image/png"},{"name":"Back To Merchant Management Clicked","source":"2b2a77df-68fe-4ef1-891c-7dd81b7de664-attachment","type":"text/plain"}],"parameters":[{"name":"merchantData","value":"[Agg Hosted - MPGS - Tabby - Non3Ds - 24122957, Aggregator Hosted, no, yes, AGGmpgNonThreeDs, VWNKON, padmawati.taddy@bankfab.com, no, yes, yes]"}],"start":1616569420928,"stop":1616569447420},{"name":"Editing: JS Checkout - Cyber - Tabby - Non3Ds - 24123101","status":"broken","statusDetails":{"known":false,"muted":false,"flaky":false,"message":"Timed out after 100 seconds waiting for element to be clickable: By.xpath: //*[@id=\"avantgarde\"]/div[1]/div/div/div/div[2]/p\nBuild info: version: '3.141.59', revision: 'e82be7d358', time: '2018-11-14T08:17:03'\nSystem info: host: 'SIDDHARTH', ip: '192.168.0.109', os.name: 'Windows 10', os.arch: 'amd64', os.version: '10.0', java.version: '15.0.1'\nDriver info: org.openqa.selenium.chrome.ChromeDriver\nCapabilities {acceptInsecureCerts: false, browserName: chrome, browserVersion: 89.0.4389.90, chrome: {chromedriverVersion: 89.0.4389.23 (61b08ee2c5002..., userDataDir: C:\\Users\\LENOVO\\AppData\\Loc...}, goog:chromeOptions: {debuggerAddress: localhost:52034}, javascriptEnabled: true, networkConnectionEnabled: false, pageLoadStrategy: normal, platform: WINDOWS, platformName: WINDOWS, proxy: Proxy(), setWindowRect: true, strictFileInteractability: false, timeouts: {implicit: 0, pageLoad: 300000, script: 30000}, unhandledPromptBehavior: dismiss and notify, webauthn:extension:largeBlob: true, webauthn:virtualAuthenticators: true}\nSession ID: aa4fb41b1d9e9fd29f40f77de9502eaf","trace":"org.openqa.selenium.TimeoutException: Timed out after 100 seconds waiting for element to be clickable: By.xpath: //*[@id=\"avantgarde\"]/div[1]/div/div/div/div[2]/p\nBuild info: version: '3.141.59', revision: 'e82be7d358', time: '2018-11-14T08:17:03'\nSystem info: host: 'SIDDHARTH', ip: '192.168.0.109', os.name: 'Windows 10', os.arch: 'amd64', os.version: '10.0', java.version: '15.0.1'\nDriver info: org.openqa.selenium.chrome.ChromeDriver\nCapabilities {acceptInsecureCerts: false, browserName: chrome, browserVersion: 89.0.4389.90, chrome: {chromedriverVersion: 89.0.4389.23 (61b08ee2c5002..., userDataDir: C:\\Users\\LENOVO\\AppData\\Loc...}, goog:chromeOptions: {debuggerAddress: localhost:52034}, javascriptEnabled: true, networkConnectionEnabled: false, pageLoadStrategy: normal, platform: WINDOWS, platformName: WINDOWS, proxy: Proxy(), setWindowRect: true, strictFileInteractability: false, timeouts: {implicit: 0, pageLoad: 300000, script: 30000}, unhandledPromptBehavior: dismiss and notify, webauthn:extension:largeBlob: true, webauthn:virtualAuthenticators: true}\nSession ID: aa4fb41b1d9e9fd29f40f77de9502eaf\r\n\tat org.openqa.selenium.support.ui.WebDriverWait.timeoutException(WebDriverWait.java:80)\r\n\tat org.openqa.selenium.support.ui.FluentWait.until(FluentWait.java:261)\r\n\tat Functions.ClickElement.waitForElementXpath(ClickElement.java:113)\r\n\tat Scripts.AdminFlow.editMerchant(AdminFlow.java:616)\r\n\tat Scripts.AdminFlow.editMerchant(AdminFlow.java:562)\r\n\tat java.base/jdk.internal.reflect.NativeMethodAccessorImpl.invoke0(Native Method)\r\n\tat java.base/jdk.internal.reflect.NativeMethodAccessorImpl.invoke(NativeMethodAccessorImpl.java:64)\r\n\tat java.base/jdk.internal.reflect.DelegatingMethodAccessorImpl.invoke(DelegatingMethodAccessorImpl.java:43)\r\n\tat java.base/java.lang.reflect.Method.invoke(Method.java:564)\r\n\tat org.testng.internal.MethodInvocationHelper.invokeMethod(MethodInvocationHelper.java:134)\r\n\tat org.testng.internal.TestInvoker.invokeMethod(TestInvoker.java:597)\r\n\tat org.testng.internal.TestInvoker.invokeTestMethod(TestInvoker.java:173)\r\n\tat org.testng.internal.MethodRunner.runInSequence(MethodRunner.java:46)\r\n\tat org.testng.internal.TestInvoker$MethodInvocationAgent.invoke(TestInvoker.java:816)\r\n\tat org.testng.internal.TestInvoker.invokeTestMethods(TestInvoker.java:146)\r\n\tat org.testng.internal.TestMethodWorker.invokeTestMethods(TestMethodWorker.java:146)\r\n\tat org.testng.internal.TestMethodWorker.run(TestMethodWorker.java:128)\r\n\tat java.base/java.util.ArrayList.forEach(ArrayList.java:1511)\r\n\tat org.testng.TestRunner.privateRun(TestRunner.java:766)\r\n\tat org.testng.TestRunner.run(TestRunner.java:587)\r\n\tat org.testng.SuiteRunner.runTest(SuiteRunner.java:384)\r\n\tat org.testng.SuiteRunner.runSequentially(SuiteRunner.java:378)\r\n\tat org.testng.SuiteRunner.privateRun(SuiteRunner.java:337)\r\n\tat org.testng.SuiteRunner.run(SuiteRunner.java:286)\r\n\tat org.testng.SuiteRunnerWorker.runSuite(SuiteRunnerWorker.java:53)\r\n\tat org.testng.SuiteRunnerWorker.run(SuiteRunnerWorker.java:96)\r\n\tat org.testng.TestNG.runSuitesSequentially(TestNG.java:1187)\r\n\tat org.testng.TestNG.runSuitesLocally(TestNG.java:1109)\r\n\tat org.testng.TestNG.runSuites(TestNG.java:1039)\r\n\tat org.testng.TestNG.run(TestNG.java:1007)\r\n\tat com.intellij.rt.testng.IDEARemoteTestNG.run(IDEARemoteTestNG.java:66)\r\n\tat com.intellij.rt.testng.RemoteTestNGStarter.main(RemoteTestNGStarter.java:109)\r\n"},"stage":"finished","steps":[],"attachments":[{"name":"EPP Turned ON","source":"6165d772-9392-474c-a41e-8ead3d3b232c-attachment","type":"text/plain"},{"name":"Refund API Turned ON","source":"33355e5f-e50b-4017-8743-8d1ebfb49109-attachment","type":"text/plain"},{"name":"Refund Portal Turned ON","source":"68f430ef-bc6d-4098-afec-6ea5b9aca1f8-attachment","type":"text/plain"},{"name":"Next button Clicked","source":"683facb3-75c6-453a-8f7a-a1538beae512-attachment","type":"text/plain"}],"parameters":[{"name":"merchantData","value":"[JS Checkout - Cyber - Tabby - Non3Ds - 24123101, JS Checkout, no, yes, JScybNonThreeDs, AQWFZR, padmawati.taddy@bankfab.com, yes, no, yes]"}],"start":1616569452431,"stop":1616569575161},{"name":"Editing: JS Checkout - MPGS - Tabby - Non3Ds - 24123204","status":"broken","statusDetails":{"known":false,"muted":false,"flaky":false,"message":"no such element: Unable to locate element: {\"method\":\"xpath\",\"selector\":\"//*[@id=\"avantgarde\"]/div[1]/div/div/div/div[4]/div[2]/div/div[2]/table/tbody/tr[2]/td[2]\"}\n  (Session info: chrome=89.0.4389.90)\nFor documentation on this error, please visit: https://www.seleniumhq.org/exceptions/no_such_element.html\nBuild info: version: '3.141.59', revision: 'e82be7d358', time: '2018-11-14T08:17:03'\nSystem info: host: 'SIDDHARTH', ip: '192.168.0.109', os.name: 'Windows 10', os.arch: 'amd64', os.version: '10.0', java.version: '15.0.1'\nDriver info: org.openqa.selenium.chrome.ChromeDriver\nCapabilities {acceptInsecureCerts: false, browserName: chrome, browserVersion: 89.0.4389.90, chrome: {chromedriverVersion: 89.0.4389.23 (61b08ee2c5002..., userDataDir: C:\\Users\\LENOVO\\AppData\\Loc...}, goog:chromeOptions: {debuggerAddress: localhost:52034}, javascriptEnabled: true, networkConnectionEnabled: false, pageLoadStrategy: normal, platform: WINDOWS, platformName: WINDOWS, proxy: Proxy(), setWindowRect: true, strictFileInteractability: false, timeouts: {implicit: 0, pageLoad: 300000, script: 30000}, unhandledPromptBehavior: dismiss and notify, webauthn:extension:largeBlob: true, webauthn:virtualAuthenticators: true}\nSession ID: aa4fb41b1d9e9fd29f40f77de9502eaf\n*** Element info: {Using=xpath, value=//*[@id=\"avantgarde\"]/div[1]/div/div/div/div[4]/div[2]/div/div[2]/table/tbody/tr[2]/td[2]}","trace":"org.openqa.selenium.NoSuchElementException: no such element: Unable to locate element: {\"method\":\"xpath\",\"selector\":\"//*[@id=\"avantgarde\"]/div[1]/div/div/div/div[4]/div[2]/div/div[2]/table/tbody/tr[2]/td[2]\"}\n  (Session info: chrome=89.0.4389.90)\nFor documentation on this error, please visit: https://www.seleniumhq.org/exceptions/no_such_element.html\nBuild info: version: '3.141.59', revision: 'e82be7d358', time: '2018-11-14T08:17:03'\nSystem info: host: 'SIDDHARTH', ip: '192.168.0.109', os.name: 'Windows 10', os.arch: 'amd64', os.version: '10.0', java.version: '15.0.1'\nDriver info: org.openqa.selenium.chrome.ChromeDriver\nCapabilities {acceptInsecureCerts: false, browserName: chrome, browserVersion: 89.0.4389.90, chrome: {chromedriverVersion: 89.0.4389.23 (61b08ee2c5002..., userDataDir: C:\\Users\\LENOVO\\AppData\\Loc...}, goog:chromeOptions: {debuggerAddress: localhost:52034}, javascriptEnabled: true, networkConnectionEnabled: false, pageLoadStrategy: normal, platform: WINDOWS, platformName: WINDOWS, proxy: Proxy(), setWindowRect: true, strictFileInteractability: false, timeouts: {implicit: 0, pageLoad: 300000, script: 30000}, unhandledPromptBehavior: dismiss and notify, webauthn:extension:largeBlob: true, webauthn:virtualAuthenticators: true}\nSession ID: aa4fb41b1d9e9fd29f40f77de9502eaf\n*** Element info: {Using=xpath, value=//*[@id=\"avantgarde\"]/div[1]/div/div/div/div[4]/div[2]/div/div[2]/table/tbody/tr[2]/td[2]}\r\n\tat java.base/jdk.internal.reflect.NativeConstructorAccessorImpl.newInstance0(Native Method)\r\n\tat java.base/jdk.internal.reflect.NativeConstructorAccessorImpl.newInstance(NativeConstructorAccessorImpl.java:64)\r\n\tat java.base/jdk.internal.reflect.DelegatingConstructorAccessorImpl.newInstance(DelegatingConstructorAccessorImpl.java:45)\r\n\tat java.base/java.lang.reflect.Constructor.newInstanceWithCaller(Constructor.java:500)\r\n\tat java.base/java.lang.reflect.Constructor.newInstance(Constructor.java:481)\r\n\tat org.openqa.selenium.remote.http.W3CHttpResponseCodec.createException(W3CHttpResponseCodec.java:187)\r\n\tat org.openqa.selenium.remote.http.W3CHttpResponseCodec.decode(W3CHttpResponseCodec.java:122)\r\n\tat org.openqa.selenium.remote.http.W3CHttpResponseCodec.decode(W3CHttpResponseCodec.java:49)\r\n\tat org.openqa.selenium.remote.HttpCommandExecutor.execute(HttpCommandExecutor.java:158)\r\n\tat org.openqa.selenium.remote.service.DriverCommandExecutor.execute(DriverCommandExecutor.java:83)\r\n\tat org.openqa.selenium.remote.RemoteWebDriver.execute(RemoteWebDriver.java:552)\r\n\tat org.openqa.selenium.remote.RemoteWebDriver.findElement(RemoteWebDriver.java:323)\r\n\tat org.openqa.selenium.remote.RemoteWebDriver.findElementByXPath(RemoteWebDriver.java:428)\r\n\tat org.openqa.selenium.By$ByXPath.findElement(By.java:353)\r\n\tat org.openqa.selenium.remote.RemoteWebDriver.findElement(RemoteWebDriver.java:315)\r\n\tat Scripts.AdminFlow.editMerchant(AdminFlow.java:596)\r\n\tat Scripts.AdminFlow.editMerchant(AdminFlow.java:562)\r\n\tat java.base/jdk.internal.reflect.NativeMethodAccessorImpl.invoke0(Native Method)\r\n\tat java.base/jdk.internal.reflect.NativeMethodAccessorImpl.invoke(NativeMethodAccessorImpl.java:64)\r\n\tat java.base/jdk.internal.reflect.DelegatingMethodAccessorImpl.invoke(DelegatingMethodAccessorImpl.java:43)\r\n\tat java.base/java.lang.reflect.Method.invoke(Method.java:564)\r\n\tat org.testng.internal.MethodInvocationHelper.invokeMethod(MethodInvocationHelper.java:134)\r\n\tat org.testng.internal.TestInvoker.invokeMethod(TestInvoker.java:597)\r\n\tat org.testng.internal.TestInvoker.invokeTestMethod(TestInvoker.java:173)\r\n\tat org.testng.internal.MethodRunner.runInSequence(MethodRunner.java:46)\r\n\tat org.testng.internal.TestInvoker$MethodInvocationAgent.invoke(TestInvoker.java:816)\r\n\tat org.testng.internal.TestInvoker.invokeTestMethods(TestInvoker.java:146)\r\n\tat org.testng.internal.TestMethodWorker.invokeTestMethods(TestMethodWorker.java:146)\r\n\tat org.testng.internal.TestMethodWorker.run(TestMethodWorker.java:128)\r\n\tat java.base/java.util.ArrayList.forEach(ArrayList.java:1511)\r\n\tat org.testng.TestRunner.privateRun(TestRunner.java:766)\r\n\tat org.testng.TestRunner.run(TestRunner.java:587)\r\n\tat org.testng.SuiteRunner.runTest(SuiteRunner.java:384)\r\n\tat org.testng.SuiteRunner.runSequentially(SuiteRunner.java:378)\r\n\tat org.testng.SuiteRunner.privateRun(SuiteRunner.java:337)\r\n\tat org.testng.SuiteRunner.run(SuiteRunner.java:286)\r\n\tat org.testng.SuiteRunnerWorker.runSuite(SuiteRunnerWorker.java:53)\r\n\tat org.testng.SuiteRunnerWorker.run(SuiteRunnerWorker.java:96)\r\n\tat org.testng.TestNG.runSuitesSequentially(TestNG.java:1187)\r\n\tat org.testng.TestNG.runSuitesLocally(TestNG.java:1109)\r\n\tat org.testng.TestNG.runSuites(TestNG.java:1039)\r\n\tat org.testng.TestNG.run(TestNG.java:1007)\r\n\tat com.intellij.rt.testng.IDEARemoteTestNG.run(IDEARemoteTestNG.java:66)\r\n\tat com.intellij.rt.testng.RemoteTestNGStarter.main(RemoteTestNGStarter.java:109)\r\n"},"stage":"finished","steps":[],"attachments":[],"parameters":[{"name":"merchantData","value":"[JS Checkout - MPGS - Tabby - Non3Ds - 24123204, JS Checkout, no, yes, JSmpgNonThreeDs, MKTPVP, padmawati.taddy@bankfab.com, no, yes, yes]"}],"start":1616569575165,"stop":1616569590695}],"attachments":[],"parameters":[],"start":1616569387565,"stop":1616569590702,"uuid":"274cc82b-97ad-420d-b07d-c6ecdd6d0912","historyId":"3064e288fd78002d43799b7cd8aca8b3","fullName":"Scripts.AdminFlow.editMerchant","labels":[{"name":"package","value":"Scripts.AdminFlow"},{"name":"testClass","value":"Scripts.AdminFlow"},{"name":"testMethod","value":"editMerchant"},{"name":"parentSuite","value":"All Test Suite"},{"name":"suite","value":"Safexpay Testing"},{"name":"subSuite","value":"Scripts.AdminFlow"},{"name":"host","value":"Siddharth"},{"name":"thread","value":"4608@Siddharth.main(1)"},{"name":"framework","value":"testng"},{"name":"language","value":"java"},{"name":"severity","value":"critical"}],"links":[]}